# JRE version: OpenJDK Runtime Environment (8.0_202-b03) (build 1.8.0_202-release-1483-b03)
# Java VM: OpenJDK 64-Bit Server VM (25.202-b03 mixed mode windows-amd64 compressed oops)
Heap:
 PSYoungGen      total 140800K, used 23509K [0x00000000e0000000, 0x00000000ea900000, 0x0000000100000000)
  eden space 112640K, 18% used [0x00000000e0000000,0x00000000e14da0a0,0x00000000e6e00000)
  from space 28160K, 7% used [0x00000000e6e00000,0x00000000e701b558,0x00000000e8980000)
  to   space 27648K, 0% used [0x00000000e8e00000,0x00000000e8e00000,0x00000000ea900000)
 ParOldGen       total 399360K, used 214950K [0x00000000a0000000, 0x00000000b8600000, 0x00000000e0000000)
  object space 399360K, 53% used [0x00000000a0000000,0x00000000ad1e9908,0x00000000b8600000)
 Metaspace       used 74019K, capacity 77734K, committed 77952K, reserved 1116160K
  class space    used 9844K, capacity 10796K, committed 10880K, reserved 1048576K
GC Heap History (10 events):
Event: 119.808 GC heap before
{Heap before GC invocations=40 (full 6):
 PSYoungGen      total 128512K, used 101642K [0x00000000e0000000, 0x00000000ea100000, 0x0000000100000000)
  eden space 101888K, 99% used [0x00000000e0000000,0x00000000e6342918,0x00000000e6380000)
  from space 26624K, 0% used [0x00000000e6380000,0x00000000e6380000,0x00000000e7d80000)
  to   space 28672K, 0% used [0x00000000e8500000,0x00000000e8500000,0x00000000ea100000)
 ParOldGen       total 357888K, used 176646K [0x00000000a0000000, 0x00000000b5d80000, 0x00000000e0000000)
  object space 357888K, 49% used [0x00000000a0000000,0x00000000aac818e0,0x00000000b5d80000)
 Metaspace       used 73395K, capacity 76958K, committed 77056K, reserved 1116160K
  class space    used 9796K, capacity 10704K, committed 10752K, reserved 1048576K
Event: 119.819 GC heap after
Heap after GC invocations=40 (full 6):
 PSYoungGen      total 132096K, used 13472K [0x00000000e0000000, 0x00000000e9e00000, 0x0000000100000000)
  eden space 106496K, 0% used [0x00000000e0000000,0x00000000e0000000,0x00000000e6800000)
  from space 25600K, 52% used [0x00000000e8500000,0x00000000e9228020,0x00000000e9e00000)
  to   space 27648K, 0% used [0x00000000e6800000,0x00000000e6800000,0x00000000e8300000)
 ParOldGen       total 357888K, used 217614K [0x00000000a0000000, 0x00000000b5d80000, 0x00000000e0000000)
  object space 357888K, 60% used [0x00000000a0000000,0x00000000ad4838f0,0x00000000b5d80000)
 Metaspace       used 73395K, capacity 76958K, committed 77056K, reserved 1116160K
  class space    used 9796K, capacity 10704K, committed 10752K, reserved 1048576K
}
Event: 120.029 GC heap before
{Heap before GC invocations=41 (full 6):
 PSYoungGen      total 132096K, used 107644K [0x00000000e0000000, 0x00000000e9e00000, 0x0000000100000000)
  eden space 106496K, 88% used [0x00000000e0000000,0x00000000e5bf7180,0x00000000e6800000)
  from space 25600K, 52% used [0x00000000e8500000,0x00000000e9228020,0x00000000e9e00000)
  to   space 27648K, 0% used [0x00000000e6800000,0x00000000e6800000,0x00000000e8300000)
 ParOldGen       total 357888K, used 217614K [0x00000000a0000000, 0x00000000b5d80000, 0x00000000e0000000)
  object space 357888K, 60% used [0x00000000a0000000,0x00000000ad4838f0,0x00000000b5d80000)
 Metaspace       used 73395K, capacity 76958K, committed 77056K, reserved 1116160K
  class space    used 9796K, capacity 10704K, committed 10752K, reserved 1048576K
Event: 120.059 GC heap after
Heap after GC invocations=41 (full 6):
 PSYoungGen      total 134144K, used 128K [0x00000000e0000000, 0x00000000ea580000, 0x0000000100000000)
  eden space 106496K, 0% used [0x00000000e0000000,0x00000000e0000000,0x00000000e6800000)
  from space 27648K, 0% used [0x00000000e6800000,0x00000000e6820000,0x00000000e8300000)
  to   space 28160K, 0% used [0x00000000e8a00000,0x00000000e8a00000,0x00000000ea580000)
 ParOldGen       total 357888K, used 270742K [0x00000000a0000000, 0x00000000b5d80000, 0x00000000e0000000)
  object space 357888K, 75% used [0x00000000a0000000,0x00000000b0865900,0x00000000b5d80000)
 Metaspace       used 73395K, capacity 76958K, committed 77056K, reserved 1116160K
  class space    used 9796K, capacity 10704K, committed 10752K, reserved 1048576K
}
Event: 120.531 GC heap before
{Heap before GC invocations=42 (full 7):
 PSYoungGen      total 134144K, used 103728K [0x00000000e0000000, 0x00000000ea580000, 0x0000000100000000)
  eden space 106496K, 97% used [0x00000000e0000000,0x00000000e652c1d8,0x00000000e6800000)
  from space 27648K, 0% used [0x00000000e6800000,0x00000000e6820000,0x00000000e8300000)
  to   space 28160K, 0% used [0x00000000e8a00000,0x00000000e8a00000,0x00000000ea580000)
 ParOldGen       total 357888K, used 324822K [0x00000000a0000000, 0x00000000b5d80000, 0x00000000e0000000)
  object space 357888K, 90% used [0x00000000a0000000,0x00000000b3d35910,0x00000000b5d80000)
 Metaspace       used 73398K, capacity 76958K, committed 77056K, reserved 1116160K
  class space    used 9796K, capacity 10704K, committed 10752K, reserved 1048576K
Event: 120.676 GC heap after
Heap after GC invocations=42 (full 7):
 PSYoungGen      total 134144K, used 0K [0x00000000e0000000, 0x00000000ea580000, 0x0000000100000000)
  eden space 106496K, 0% used [0x00000000e0000000,0x00000000e0000000,0x00000000e6800000)
  from space 27648K, 0% used [0x00000000e6800000,0x00000000e6800000,0x00000000e8300000)
  to   space 28160K, 0% used [0x00000000e8a00000,0x00000000e8a00000,0x00000000ea580000)
 ParOldGen       total 399360K, used 183158K [0x00000000a0000000, 0x00000000b8600000, 0x00000000e0000000)
  object space 399360K, 45% used [0x00000000a0000000,0x00000000ab2dd8f8,0x00000000b8600000)
 Metaspace       used 73398K, capacity 76958K, committed 77056K, reserved 1116160K
  class space    used 9796K, capacity 10704K, committed 10752K, reserved 1048576K
}
Event: 121.065 GC heap before
{Heap before GC invocations=43 (full 7):
 PSYoungGen      total 134144K, used 94730K [0x00000000e0000000, 0x00000000ea580000, 0x0000000100000000)
  eden space 106496K, 88% used [0x00000000e0000000,0x00000000e5c82b78,0x00000000e6800000)
  from space 27648K, 0% used [0x00000000e6800000,0x00000000e6800000,0x00000000e8300000)
  to   space 28160K, 0% used [0x00000000e8a00000,0x00000000e8a00000,0x00000000ea580000)
 ParOldGen       total 399360K, used 183158K [0x00000000a0000000, 0x00000000b8600000, 0x00000000e0000000)
  object space 399360K, 45% used [0x00000000a0000000,0x00000000ab2dd8f8,0x00000000b8600000)
 Metaspace       used 73398K, capacity 76958K, committed 77056K, reserved 1116160K
  class space    used 9796K, capacity 10704K, committed 10752K, reserved 1048576K
Event: 121.071 GC heap after
Heap after GC invocations=43 (full 7):
 PSYoungGen      total 140288K, used 160K [0x00000000e0000000, 0x00000000ea500000, 0x0000000100000000)
  eden space 112640K, 0% used [0x00000000e0000000,0x00000000e0000000,0x00000000e6e00000)
  from space 27648K, 0% used [0x00000000e8a00000,0x00000000e8a28000,0x00000000ea500000)
  to   space 28160K, 0% used [0x00000000e6e00000,0x00000000e6e00000,0x00000000e8980000)
 ParOldGen       total 399360K, used 214942K [0x00000000a0000000, 0x00000000b8600000, 0x00000000e0000000)
  object space 399360K, 53% used [0x00000000a0000000,0x00000000ad1e7908,0x00000000b8600000)
 Metaspace       used 73398K, capacity 76958K, committed 77056K, reserved 1116160K
  class space    used 9796K, capacity 10704K, committed 10752K, reserved 1048576K
}
Event: 669.789 GC heap before
{Heap before GC invocations=44 (full 7):
 PSYoungGen      total 140288K, used 112800K [0x00000000e0000000, 0x00000000ea500000, 0x0000000100000000)
  eden space 112640K, 100% used [0x00000000e0000000,0x00000000e6e00000,0x00000000e6e00000)
  from space 27648K, 0% used [0x00000000e8a00000,0x00000000e8a28000,0x00000000ea500000)
  to   space 28160K, 0% used [0x00000000e6e00000,0x00000000e6e00000,0x00000000e8980000)
 ParOldGen       total 399360K, used 214942K [0x00000000a0000000, 0x00000000b8600000, 0x00000000e0000000)
  object space 399360K, 53% used [0x00000000a0000000,0x00000000ad1e7908,0x00000000b8600000)
 Metaspace       used 73926K, capacity 77664K, committed 77952K, reserved 1116160K
  class space    used 9844K, capacity 10795K, committed 10880K, reserved 1048576K
Event: 669.795 GC heap after
Heap after GC invocations=44 (full 7):
 PSYoungGen      total 140800K, used 2157K [0x00000000e0000000, 0x00000000ea900000, 0x0000000100000000)
  eden space 112640K, 0% used [0x00000000e0000000,0x00000000e0000000,0x00000000e6e00000)
  from space 28160K, 7% used [0x00000000e6e00000,0x00000000e701b558,0x00000000e8980000)
  to   space 27648K, 0% used [0x00000000e8e00000,0x00000000e8e00000,0x00000000ea900000)
 ParOldGen       total 399360K, used 214950K [0x00000000a0000000, 0x00000000b8600000, 0x00000000e0000000)
  object space 399360K, 53% used [0x00000000a0000000,0x00000000ad1e9908,0x00000000b8600000)
 Metaspace       used 73926K, capacity 77664K, committed 77952K, reserved 1116160K
  class space    used 9844K, capacity 10795K, committed 10880K, reserved 1048576K
}

