# JRE version: OpenJDK Runtime Environment (8.0_202-b03) (build 1.8.0_202-release-1483-b03)
# Java VM: OpenJDK 64-Bit Server VM (25.202-b03 mixed mode windows-amd64 compressed oops)
Heap:
 PSYoungGen      total 385024K, used 31325K [0x00000000e0000000, 0x00000000ff380000, 0x0000000100000000)
  eden space 276992K, 3% used [0x00000000e0000000,0x00000000e0a04c68,0x00000000f0e80000)
  from space 108032K, 19% used [0x00000000f8a00000,0x00000000f9e92af0,0x00000000ff380000)
  to   space 117248K, 0% used [0x00000000f0e80000,0x00000000f0e80000,0x00000000f8100000)
 ParOldGen       total 435712K, used 317393K [0x00000000a0000000, 0x00000000ba980000, 0x00000000e0000000)
  object space 435712K, 72% used [0x00000000a0000000,0x00000000b35f4548,0x00000000ba980000)
 Metaspace       used 141889K, capacity 151122K, committed 152024K, reserved 1181696K
  class space    used 17608K, capacity 19281K, committed 19712K, reserved 1048576K
GC Heap History (10 events):
Event: 6344.331 GC heap before
{Heap before GC invocations=147 (full 13):
 PSYoungGen      total 403968K, used 312069K [0x00000000e0000000, 0x0000000100000000, 0x0000000100000000)
  eden space 283648K, 100% used [0x00000000e0000000,0x00000000f1500000,0x00000000f1500000)
  from space 120320K, 23% used [0x00000000f1500000,0x00000000f30c1440,0x00000000f8a80000)
  to   space 115712K, 0% used [0x00000000f8f00000,0x00000000f8f00000,0x0000000100000000)
 ParOldGen       total 435712K, used 226017K [0x00000000a0000000, 0x00000000ba980000, 0x00000000e0000000)
  object space 435712K, 51% used [0x00000000a0000000,0x00000000adcb8728,0x00000000ba980000)
 Metaspace       used 141325K, capacity 150358K, committed 151768K, reserved 1181696K
  class space    used 17579K, capacity 19249K, committed 19712K, reserved 1048576K
Event: 6344.366 GC heap after
Heap after GC invocations=147 (full 13):
 PSYoungGen      total 396288K, used 12916K [0x00000000e0000000, 0x00000000ff880000, 0x0000000100000000)
  eden space 288256K, 0% used [0x00000000e0000000,0x00000000e0000000,0x00000000f1980000)
  from space 108032K, 11% used [0x00000000f8f00000,0x00000000f9b9d3a8,0x00000000ff880000)
  to   space 114176K, 0% used [0x00000000f1980000,0x00000000f1980000,0x00000000f8900000)
 ParOldGen       total 435712K, used 226017K [0x00000000a0000000, 0x00000000ba980000, 0x00000000e0000000)
  object space 435712K, 51% used [0x00000000a0000000,0x00000000adcb8728,0x00000000ba980000)
 Metaspace       used 141325K, capacity 150358K, committed 151768K, reserved 1181696K
  class space    used 17579K, capacity 19249K, committed 19712K, reserved 1048576K
}
Event: 6435.399 GC heap before
{Heap before GC invocations=148 (full 13):
 PSYoungGen      total 396288K, used 301172K [0x00000000e0000000, 0x00000000ff880000, 0x0000000100000000)
  eden space 288256K, 100% used [0x00000000e0000000,0x00000000f1980000,0x00000000f1980000)
  from space 108032K, 11% used [0x00000000f8f00000,0x00000000f9b9d3a8,0x00000000ff880000)
  to   space 114176K, 0% used [0x00000000f1980000,0x00000000f1980000,0x00000000f8900000)
 ParOldGen       total 435712K, used 226017K [0x00000000a0000000, 0x00000000ba980000, 0x00000000e0000000)
  object space 435712K, 51% used [0x00000000a0000000,0x00000000adcb8728,0x00000000ba980000)
 Metaspace       used 141796K, capacity 150986K, committed 152024K, reserved 1181696K
  class space    used 17607K, capacity 19281K, committed 19712K, reserved 1048576K
Event: 6435.437 GC heap after
Heap after GC invocations=148 (full 13):
 PSYoungGen      total 402432K, used 29330K [0x00000000e0000000, 0x00000000ffb00000, 0x0000000100000000)
  eden space 288256K, 0% used [0x00000000e0000000,0x00000000e0000000,0x00000000f1980000)
  from space 114176K, 25% used [0x00000000f1980000,0x00000000f3624940,0x00000000f8900000)
  to   space 108544K, 0% used [0x00000000f9100000,0x00000000f9100000,0x00000000ffb00000)
 ParOldGen       total 435712K, used 226017K [0x00000000a0000000, 0x00000000ba980000, 0x00000000e0000000)
  object space 435712K, 51% used [0x00000000a0000000,0x00000000adcb8728,0x00000000ba980000)
 Metaspace       used 141796K, capacity 150986K, committed 152024K, reserved 1181696K
  class space    used 17607K, capacity 19281K, committed 19712K, reserved 1048576K
}
Event: 6437.276 GC heap before
{Heap before GC invocations=149 (full 13):
 PSYoungGen      total 402432K, used 317586K [0x00000000e0000000, 0x00000000ffb00000, 0x0000000100000000)
  eden space 288256K, 100% used [0x00000000e0000000,0x00000000f1980000,0x00000000f1980000)
  from space 114176K, 25% used [0x00000000f1980000,0x00000000f3624940,0x00000000f8900000)
  to   space 108544K, 0% used [0x00000000f9100000,0x00000000f9100000,0x00000000ffb00000)
 ParOldGen       total 435712K, used 226017K [0x00000000a0000000, 0x00000000ba980000, 0x00000000e0000000)
  object space 435712K, 51% used [0x00000000a0000000,0x00000000adcb8728,0x00000000ba980000)
 Metaspace       used 141807K, capacity 150990K, committed 152024K, reserved 1181696K
  class space    used 17607K, capacity 19281K, committed 19712K, reserved 1048576K
Event: 6439.076 GC heap after
Heap after GC invocations=149 (full 13):
 PSYoungGen      total 379904K, used 106932K [0x00000000e0000000, 0x0000000100000000, 0x0000000100000000)
  eden space 271360K, 0% used [0x00000000e0000000,0x00000000e0000000,0x00000000f0900000)
  from space 108544K, 98% used [0x00000000f9100000,0x00000000ff96d220,0x00000000ffb00000)
  to   space 126464K, 0% used [0x00000000f0900000,0x00000000f0900000,0x00000000f8480000)
 ParOldGen       total 435712K, used 317393K [0x00000000a0000000, 0x00000000ba980000, 0x00000000e0000000)
  object space 435712K, 72% used [0x00000000a0000000,0x00000000b35f4548,0x00000000ba980000)
 Metaspace       used 141807K, capacity 150990K, committed 152024K, reserved 1181696K
  class space    used 17607K, capacity 19281K, committed 19712K, reserved 1048576K
}
Event: 6446.263 GC heap before
{Heap before GC invocations=150 (full 13):
 PSYoungGen      total 379904K, used 378253K [0x00000000e0000000, 0x0000000100000000, 0x0000000100000000)
  eden space 271360K, 99% used [0x00000000e0000000,0x00000000f08f6538,0x00000000f0900000)
  from space 108544K, 98% used [0x00000000f9100000,0x00000000ff96d220,0x00000000ffb00000)
  to   space 126464K, 0% used [0x00000000f0900000,0x00000000f0900000,0x00000000f8480000)
 ParOldGen       total 435712K, used 317393K [0x00000000a0000000, 0x00000000ba980000, 0x00000000e0000000)
  object space 435712K, 72% used [0x00000000a0000000,0x00000000b35f4548,0x00000000ba980000)
 Metaspace       used 141846K, capacity 151122K, committed 152024K, reserved 1181696K
  class space    used 17608K, capacity 19281K, committed 19712K, reserved 1048576K
Event: 6446.293 GC heap after
Heap after GC invocations=150 (full 13):
 PSYoungGen      total 397824K, used 33976K [0x00000000e0000000, 0x0000000100000000, 0x0000000100000000)
  eden space 271360K, 0% used [0x00000000e0000000,0x00000000e0000000,0x00000000f0900000)
  from space 126464K, 26% used [0x00000000f0900000,0x00000000f2a2e040,0x00000000f8480000)
  to   space 120832K, 0% used [0x00000000f8a00000,0x00000000f8a00000,0x0000000100000000)
 ParOldGen       total 435712K, used 317393K [0x00000000a0000000, 0x00000000ba980000, 0x00000000e0000000)
  object space 435712K, 72% used [0x00000000a0000000,0x00000000b35f4548,0x00000000ba980000)
 Metaspace       used 141846K, capacity 151122K, committed 152024K, reserved 1181696K
  class space    used 17608K, capacity 19281K, committed 19712K, reserved 1048576K
}
Event: 6813.794 GC heap before
{Heap before GC invocations=151 (full 13):
 PSYoungGen      total 397824K, used 305336K [0x00000000e0000000, 0x0000000100000000, 0x0000000100000000)
  eden space 271360K, 100% used [0x00000000e0000000,0x00000000f0900000,0x00000000f0900000)
  from space 126464K, 26% used [0x00000000f0900000,0x00000000f2a2e040,0x00000000f8480000)
  to   space 120832K, 0% used [0x00000000f8a00000,0x00000000f8a00000,0x0000000100000000)
 ParOldGen       total 435712K, used 317393K [0x00000000a0000000, 0x00000000ba980000, 0x00000000e0000000)
  object space 435712K, 72% used [0x00000000a0000000,0x00000000b35f4548,0x00000000ba980000)
 Metaspace       used 141856K, capacity 151122K, committed 152024K, reserved 1181696K
  class space    used 17608K, capacity 19281K, committed 19712K, reserved 1048576K
Event: 6813.825 GC heap after
Heap after GC invocations=151 (full 13):
 PSYoungGen      total 385024K, used 21066K [0x00000000e0000000, 0x00000000ff380000, 0x0000000100000000)
  eden space 276992K, 0% used [0x00000000e0000000,0x00000000e0000000,0x00000000f0e80000)
  from space 108032K, 19% used [0x00000000f8a00000,0x00000000f9e92af0,0x00000000ff380000)
  to   space 117248K, 0% used [0x00000000f0e80000,0x00000000f0e80000,0x00000000f8100000)
 ParOldGen       total 435712K, used 317393K [0x00000000a0000000, 0x00000000ba980000, 0x00000000e0000000)
  object space 435712K, 72% used [0x00000000a0000000,0x00000000b35f4548,0x00000000ba980000)
 Metaspace       used 141856K, capacity 151122K, committed 152024K, reserved 1181696K
  class space    used 17608K, capacity 19281K, committed 19712K, reserved 1048576K
}

